#
# There is insufficient memory for the Java Runtime Environment to continue.
# Native memory allocation (mmap) failed to map 132120576 bytes for Failed to commit area from 0x0000000082600000 to 0x000000008a400000 of length 132120576.
# Possible reasons:
#   The system is out of physical RAM or swap space
#   The process is running with CompressedOops enabled, and the Java Heap may be blocking the growth of the native heap
# Possible solutions:
#   Reduce memory load on the system
#   Increase physical memory or swap space
#   Check if swap backing store is full
#   Decrease Java heap size (-Xmx/-Xms)
#   Decrease number of Java threads
#   Decrease Java thread stack sizes (-Xss)
#   Set larger code cache with -XX:ReservedCodeCacheSize=
#   JVM is running with Unscaled Compressed Oops mode in which the Java heap is
#     placed in the first 4GB address space. The Java Heap base address is the
#     maximum limit for the native heap growth. Please use -XX:HeapBaseMinAddress
#     to set the Java Heap base and to place the Java Heap above 4GB virtual address.
# This output file may be truncated or incomplete.
#
#  Out of Memory Error (./open/src/hotspot/os/windows/os_windows.cpp:3315), pid=14812, tid=26404
#
# JRE version:  (14.0.1+7) (build )
# Java VM: Java HotSpot(TM) 64-Bit Server VM (14.0.1+7, mixed mode, sharing, tiered, compressed oops, g1 gc, windows-amd64)
# No core dump will be written. Minidumps are not enabled by default on client versions of Windows
#

---------------  S U M M A R Y ------------

Command Line: -Dfile.encoding=Cp1252 -XX:+ShowCodeDetailsInExceptionMessages university.TeacherAttendance

Host: Intel(R) Core(TM) i7-9750H CPU @ 2.60GHz, 12 cores, 7G,  Windows 10 , 64 bit Build 19041 (10.0.19041.1806)
Time: Tue Aug  2 00:40:22 2022 GMT Daylight Time elapsed time: 0 seconds (0d 0h 0m 0s)

---------------  T H R E A D  ---------------

Current thread (0x000001676cfae800):  JavaThread "Unknown thread" [_thread_in_vm, id=26404, stack(0x0000004e71400000,0x0000004e71500000)]

Stack: [0x0000004e71400000,0x0000004e71500000]
Native frames: (J=compiled Java code, j=interpreted, Vv=VM code, C=native code)
V  [jvm.dll+0x5f840a]
V  [jvm.dll+0x741e4a]
V  [jvm.dll+0x7435ff]
V  [jvm.dll+0x743c43]
V  [jvm.dll+0x20d288]
V  [jvm.dll+0x5f57ba]
V  [jvm.dll+0x5ea615]
V  [jvm.dll+0x2c7e9c]
V  [jvm.dll+0x2c7cd2]
V  [jvm.dll+0x2cdbbc]
V  [jvm.dll+0x313ff8]
V  [jvm.dll+0x313720]
V  [jvm.dll+0x2a092a]
V  [jvm.dll+0x2a1a79]
V  [jvm.dll+0x71f718]
V  [jvm.dll+0x321c44]
V  [jvm.dll+0x700b0c]
V  [jvm.dll+0x392dff]
V  [jvm.dll+0x394e71]
C  [jli.dll+0x523b]
C  [ucrtbase.dll+0x21bb2]
C  [KERNEL32.DLL+0x17034]
C  [ntdll.dll+0x52651]


---------------  P R O C E S S  ---------------

Threads class SMR info:
_java_thread_list=0x00007ffbfb1b3078, length=0, elements={
}

Java Threads: ( => current thread )

Other Threads:
  0x000001676f1bd000 GCTaskThread "GC Thread#0" [stack: 0x0000004e71500000,0x0000004e71600000] [id=25880]
  0x000001676f1cf800 ConcurrentGCThread "G1 Main Marker" [stack: 0x0000004e71600000,0x0000004e71700000] [id=32004]
  0x000001676f1d1000 ConcurrentGCThread "G1 Conc#0" [stack: 0x0000004e71700000,0x0000004e71800000] [id=16656]

[error occurred during error reporting (printing all threads), id 0xc0000005, EXCEPTION_ACCESS_VIOLATION (0xc0000005) at pc=0x00007ffbfa9e1257]

VM state:not at safepoint (not fully initialized)

VM Mutex/Monitor currently owned by a thread:  ([mutex/lock_event])
[0x000001676cfac420] Heap_lock - owner thread: 0x000001676cfae800

Heap address: 0x0000000082600000, size: 2010 MB, Compressed Oops mode: 32-bit
Narrow klass base: 0x0000000000000000, Narrow klass shift: 0

GC Heap History (0 events):
No events

Deoptimization events (0 events):
No events

Classes unloaded (0 events):
No events

Classes redefined (0 events):
No events

Internal exceptions (0 events):
No events

Events (2 events):
Event: 0.005 Loaded shared library C:\Program Files\Java\jdk-14.0.1\bin\java.dll
Event: 0.005 Loaded shared library C:\Program Files\Java\jdk-14.0.1\bin\zip.dll


Dynamic libraries:
0x00007ff6466a0000 - 0x00007ff6466af000 	C:\Program Files\Java\jdk-14.0.1\bin\javaw.exe
0x00007ffc59830000 - 0x00007ffc59a28000 	C:\WINDOWS\SYSTEM32\ntdll.dll
0x00007ffc59530000 - 0x00007ffc595ed000 	C:\WINDOWS\System32\KERNEL32.DLL
0x00007ffc570f0000 - 0x00007ffc573be000 	C:\WINDOWS\System32\KERNELBASE.dll
0x00007ffc56ff0000 - 0x00007ffc570f0000 	C:\WINDOWS\System32\ucrtbase.dll
0x00007ffc42950000 - 0x00007ffc42968000 	C:\Program Files\Java\jdk-14.0.1\bin\jli.dll
0x00007ffc50390000 - 0x00007ffc503a5000 	C:\Program Files\Java\jdk-14.0.1\bin\VCRUNTIME140.dll
0x00007ffc581b0000 - 0x00007ffc5825e000 	C:\WINDOWS\System32\ADVAPI32.dll
0x00007ffc57890000 - 0x00007ffc5792e000 	C:\WINDOWS\System32\msvcrt.dll
0x00007ffc58260000 - 0x00007ffc582fc000 	C:\WINDOWS\System32\sechost.dll
0x00007ffc59650000 - 0x00007ffc59775000 	C:\WINDOWS\System32\RPCRT4.dll
0x00007ffc59390000 - 0x00007ffc59530000 	C:\WINDOWS\System32\USER32.dll
0x00007ffc57500000 - 0x00007ffc57522000 	C:\WINDOWS\System32\win32u.dll
0x00007ffc42b50000 - 0x00007ffc42dea000 	C:\WINDOWS\WinSxS\amd64_microsoft.windows.common-controls_6595b64144ccf1df_6.0.19041.1110_none_60b5254171f9507e\COMCTL32.dll
0x00007ffc59110000 - 0x00007ffc5913a000 	C:\WINDOWS\System32\GDI32.dll
0x00007ffc575a0000 - 0x00007ffc576ab000 	C:\WINDOWS\System32\gdi32full.dll
0x00007ffc56f50000 - 0x00007ffc56fed000 	C:\WINDOWS\System32\msvcp_win.dll
0x00007ffc515f0000 - 0x00007ffc515fa000 	C:\WINDOWS\SYSTEM32\VERSION.dll
0x00007ffc58180000 - 0x00007ffc581b0000 	C:\WINDOWS\System32\IMM32.DLL
0x00007ffc11f30000 - 0x00007ffc11fcb000 	C:\Program Files\Java\jdk-14.0.1\bin\msvcp140.dll
0x00007ffbfa730000 - 0x00007ffbfb24e000 	C:\Program Files\Java\jdk-14.0.1\bin\server\jvm.dll
0x00007ffc57930000 - 0x00007ffc57938000 	C:\WINDOWS\System32\PSAPI.DLL
0x00007ffc52e60000 - 0x00007ffc52e69000 	C:\WINDOWS\SYSTEM32\WSOCK32.dll
0x00007ffc3eb70000 - 0x00007ffc3eb97000 	C:\WINDOWS\SYSTEM32\WINMM.dll
0x00007ffc59320000 - 0x00007ffc5938b000 	C:\WINDOWS\System32\WS2_32.dll
0x00007ffc54e50000 - 0x00007ffc54e62000 	C:\WINDOWS\SYSTEM32\kernel.appcore.dll
0x00007ffc4f0f0000 - 0x00007ffc4f0fa000 	C:\Program Files\Java\jdk-14.0.1\bin\jimage.dll
0x00007ffc4ff90000 - 0x00007ffc50174000 	C:\WINDOWS\SYSTEM32\DBGHELP.DLL
0x00007ffc4fe80000 - 0x00007ffc4feac000 	C:\WINDOWS\SYSTEM32\dbgcore.DLL
0x00007ffc57470000 - 0x00007ffc574f2000 	C:\WINDOWS\System32\bcryptPrimitives.dll
0x00007ffc38f90000 - 0x00007ffc38fb5000 	C:\Program Files\Java\jdk-14.0.1\bin\java.dll
0x00007ffc4a110000 - 0x00007ffc4a126000 	C:\Program Files\Java\jdk-14.0.1\bin\zip.dll

dbghelp: loaded successfully - version: 4.0.5 - missing functions: none
symbol engine: initialized successfully - sym options: 0x614 - pdb path: .;C:\Program Files\Java\jdk-14.0.1\bin;C:\WINDOWS\SYSTEM32;C:\WINDOWS\WinSxS\amd64_microsoft.windows.common-controls_6595b64144ccf1df_6.0.19041.1110_none_60b5254171f9507e;C:\Program Files\Java\jdk-14.0.1\bin\server

VM Arguments:
jvm_args: -Dfile.encoding=Cp1252 -XX:+ShowCodeDetailsInExceptionMessages 
java_command: university.TeacherAttendance
java_class_path (initial): C:\Users\mubar\Downloads\University+Management+System\University Management System\build\classes;C:\Users\mubar\Downloads\University+Management+System\University Management System\mysql-connector-java-8.0.27.jar;C:\Users\mubar\Downloads\University+Management+System\University Management System\rs2xml.jar
Launcher Type: SUN_STANDARD

[Global flags]
     intx CICompilerCount                          = 4                                         {product} {ergonomic}
     uint ConcGCThreads                            = 3                                         {product} {ergonomic}
     uint G1ConcRefinementThreads                  = 10                                        {product} {ergonomic}
   size_t G1HeapRegionSize                         = 1048576                                   {product} {ergonomic}
    uintx GCDrainStackTargetSize                   = 64                                        {product} {ergonomic}
   size_t InitialHeapSize                          = 132120576                                 {product} {ergonomic}
   size_t MarkStackSize                            = 4194304                                   {product} {ergonomic}
   size_t MaxHeapSize                              = 2107637760                                {product} {ergonomic}
   size_t MinHeapDeltaBytes                        = 1048576                                   {product} {ergonomic}
   size_t MinHeapSize                              = 8388608                                   {product} {ergonomic}
    uintx NonNMethodCodeHeapSize                   = 5839372                                {pd product} {ergonomic}
    uintx NonProfiledCodeHeapSize                  = 122909434                              {pd product} {ergonomic}
    uintx ProfiledCodeHeapSize                     = 122909434                              {pd product} {ergonomic}
    uintx ReservedCodeCacheSize                    = 251658240                              {pd product} {ergonomic}
     bool SegmentedCodeCache                       = true                                      {product} {ergonomic}
     bool ShowCodeDetailsInExceptionMessages       = true                                   {manageable} {command line}
   size_t SoftMaxHeapSize                          = 2107637760                             {manageable} {ergonomic}
     bool UseCompressedClassPointers               = true                                 {lp64_product} {ergonomic}
     bool UseCompressedOops                        = true                                 {lp64_product} {ergonomic}
     bool UseG1GC                                  = true                                      {product} {ergonomic}
     bool UseLargePagesIndividualAllocation        = false                                  {pd product} {ergonomic}

Logging:
Log output configuration:
 #0: stdout all=warning uptime,level,tags
 #1: stderr all=off uptime,level,tags

Environment Variables:
JAVA_HOME=C:\Program Files\Java\jdk-14.0.1
PATH=C:/Program Files/Java/jdk-14.0.1/bin/server;C:/Program Files/Java/jdk-14.0.1/bin;C:\Windows\system32;C:\Windows;C:\Windows\System32\Wbem;C:\Windows\System32\WindowsPowerShell\v1.0\;C:\Windows\System32\OpenSSH\;C:\Program Files (x86)\NVIDIA Corporation\PhysX\Common;C:\Program Files\NVIDIA Corporation\NVIDIA NvDLISR;C:\WINDOWS\system32;C:\WINDOWS;C:\WINDOWS\System32\Wbem;C:\WINDOWS\System32\WindowsPowerShell\v1.0\;C:\WINDOWS\System32\OpenSSH\;C:\Program Files\Git\cmd;C:\Programs Files\MySQL\MySQL Server 8.0\bin;C:\Program Files\Java\jdk-14.0.1\bin;C:\Program Files\apache-maven-3.8.3\bin;C:\Program Files\nodejs\;C:\Users\mubar\AppData\Local\Microsoft\WindowsApps;;C:\Users\mubar\AppData\Local\Programs\Microsoft VS Code\bin;C:\Users\mubar\AppData\Roaming\npm;C:\WINDOWS\system32;
USERNAME=mubar
OS=Windows_NT
PROCESSOR_IDENTIFIER=Intel64 Family 6 Model 158 Stepping 13, GenuineIntel



---------------  S Y S T E M  ---------------

OS: Windows 10 , 64 bit Build 19041 (10.0.19041.1806)
OS uptime: 18 days 5:05 hours

CPU:total 12 (initial active 12) (6 cores per cpu, 2 threads per core) family 6 model 158 stepping 13, cmov, cx8, fxsr, mmx, sse, sse2, sse3, ssse3, sse4.1, sse4.2, popcnt, avx, avx2, aes, clmul, erms, 3dnowpref, lzcnt, ht, tsc, tscinvbit, bmi1, bmi2, adx, fma

Memory: 4k page, system-wide physical 8034M (426M free)
TotalPageFile size 32610M (AvailPageFile size 51M)
current process WorkingSet (physical memory assigned to process): 10M, peak: 10M
current process commit charge ("private bytes"): 64M, peak: 190M

vm_info: Java HotSpot(TM) 64-Bit Server VM (14.0.1+7) for windows-amd64 JRE (14.0.1+7), built on Mar  5 2020 10:30:14 by "mach5one" with MS VC++ 15.9 (VS2017)

END.
